<?xml version="1.0" encoding="UTF-8"?>
<!-- Generated by org.testng.reporters.JUnitXMLReporter -->
<testsuite ignored="0" hostname="C02F614VML7H" failures="0" tests="1" name="CNA App demo Test" time="0.871" errors="0" timestamp="01 Oct 2021 11:01:22 GMT">
  <testcase classname="com.cnaapp.runners.SmokeRunner" name="@BeforeClass launchApp" time="0.019">
    <failure type="java.lang.NullPointerException">
      <![CDATA[java.lang.NullPointerException
	at com.cnaapp.base.DriverFactory.launchApp(DriverFactory.java:40)
	at com.cnaapp.runners.SmokeRunner.launchApp(SmokeRunner.java:68)
... Removed 25 stack frames]]>
    </failure>
  </testcase> <!-- @BeforeClass launchApp -->
  <testcase classname="com.cnaapp.runners.SmokeRunner" name="@AfterClass setup" time="0.0">
    <skipped/>
  </testcase> <!-- @AfterClass setup -->
  <testcase classname="cucumber.api.testng.AbstractTestNGCucumberTests" name="feature" time="0.0">
    <skipped/>
  </testcase> <!-- feature -->
</testsuite> <!-- CNA App demo Test -->
