<?xml version="1.0" encoding="UTF-8"?>
<!-- Generated by org.testng.reporters.JUnitXMLReporter -->
<testsuite hostname="DNY15175" ignored="0" name="Construct App Smoke Test" tests="2" failures="0" timestamp="04 May 2021 10:35:42 GMT" time="45.425" errors="0">
  <testcase name="launchApp" time="45.413" classname="com.constructapp.base.DriverFactory"/>
  <testcase name="readProperty1" time="0.001" classname="com.constructapp.utilities.DriverUtilities"/>
</testsuite> <!-- Construct App Smoke Test -->
