<?xml version="1.0" encoding="UTF-8"?>
<testng-results ignored="0" total="1" passed="1" failed="0" skipped="0">
  <reporter-output>
  </reporter-output>
  <suite started-at="2021-11-12T09:19:20Z" name="demo_suite" finished-at="2021-11-12T09:20:08Z" duration-ms="47820">
    <groups>
      <group name="cucumber">
        <method signature="AbstractTestNGCucumberTests.feature(cucumber.api.testng.CucumberFeatureWrapper)[pri:0, instance:com.todayapp.runners.SmokeRunner@687e99d8]" name="feature" class="cucumber.api.testng.AbstractTestNGCucumberTests"/>
      </group> <!-- cucumber -->
    </groups>
    <test started-at="2021-11-12T09:19:20Z" name="Today App demo Test" finished-at="2021-11-12T09:20:08Z" duration-ms="47820">
      <class name="com.todayapp.runners.SmokeRunner">
        <test-method is-config="true" signature="setUpClass()[pri:0, instance:com.todayapp.runners.SmokeRunner@687e99d8]" started-at="2021-11-12T14:49:20Z" name="setUpClass" finished-at="2021-11-12T14:49:21Z" duration-ms="580" status="PASS">
          <reporter-output>
          </reporter-output>
        </test-method> <!-- setUpClass -->
        <test-method is-config="true" signature="launchApp()[pri:0, instance:com.todayapp.runners.SmokeRunner@687e99d8]" started-at="2021-11-12T14:49:21Z" name="launchApp" finished-at="2021-11-12T14:49:47Z" duration-ms="25648" status="PASS">
          <reporter-output>
          </reporter-output>
        </test-method> <!-- launchApp -->
        <test-method signature="feature(cucumber.api.testng.CucumberFeatureWrapper)[pri:0, instance:com.todayapp.runners.SmokeRunner@687e99d8]" started-at="2021-11-12T14:49:47Z" name="feature" description="Runs Cucumber Feature" data-provider="features" finished-at="2021-11-12T14:50:07Z" duration-ms="20571" status="PASS">
          <params>
            <param index="0">
              <value>
                <![CDATA[Today App Home Feature]]>
              </value>
            </param>
          </params>
          <reporter-output>
          </reporter-output>
        </test-method> <!-- feature -->
        <test-method is-config="true" signature="setup()[pri:0, instance:com.todayapp.runners.SmokeRunner@687e99d8]" started-at="2021-11-12T14:50:07Z" name="setup" finished-at="2021-11-12T14:50:07Z" duration-ms="33" status="PASS">
          <reporter-output>
          </reporter-output>
        </test-method> <!-- setup -->
        <test-method is-config="true" signature="tearDownClass()[pri:0, instance:com.todayapp.runners.SmokeRunner@687e99d8]" started-at="2021-11-12T14:50:07Z" name="tearDownClass" finished-at="2021-11-12T14:50:08Z" duration-ms="712" status="PASS">
          <reporter-output>
          </reporter-output>
        </test-method> <!-- tearDownClass -->
      </class> <!-- com.todayapp.runners.SmokeRunner -->
    </test> <!-- Today App demo Test -->
  </suite> <!-- demo_suite -->
</testng-results>
